M68HC11 GAS  outa.s 			page 1


   1                 	;============================================-=
   2                 	; File:
   3                 	       .file "outa.s" 
   4                 	; Behaviour: 
   5                 	;      Output 'P' to serial line
   6                 	; Assumptions:
   7                 	;      none
   8                 	; Board:
   9                 	;      CME11-E9-EVBU 
  10                 	; Author/Date:
  11                 	;      Peter Walsh Nov 2018
  12                 	;==========================================-=
  13                 	
  14                 	;----------------------------------------
  15                 	;            Text Section (code and data)
  16                 	;----------------------------------------
  17                 	.global _start
  18                 	.sect .text
  19                 	
  20                 	set OUTA, 0xffb8
  21                 	
  22                 	_start: 
  23 0000 36          	          psha           ; save a
  24 0001 86 50       	          ldaa #0x50     ; load 'P'
  25 0003 BD FF B8    	          jsr  OUTA
  26 0006 32          	          pula
  27 0007 39          	          rts         
  28                 	
  29                 	#set up dummy frame pointer
  30                 	.global _.frame
  31                 	_.frame: .word
  32                 	
  33                 	
  34                 	.end
